[2026-04-07 21:51:43,385] src.data_ingestion - INFO - Data Ingestion has started
[2026-04-07 21:51:43,385] src.data_ingestion - INFO - Directory for Ingestion created
[2026-04-07 21:51:43,525] src.data_ingestion - INFO - Data loaded successfully with shape: (129880, 25)
[2026-04-07 21:51:43,538] src.data_ingestion - INFO - Data Splitted Sucessfully
[2026-04-07 21:51:44,020] src.data_ingestion - INFO - Training and testing data saved sucesffuly
[2026-04-07 21:51:44,024] src.data_processing - INFO - Starting the pipeline of Data Procesing
[2026-04-07 21:51:44,024] src.data_processing - INFO - Data Processinng Started
[2026-04-07 21:51:44,134] src.data_processing - INFO - Data read succesfull : Data shape : (103904, 25)
[2026-04-07 21:51:44,134] src.data_processing - INFO - Dropping Unnecesary Columns :  ['index', 'id']
[2026-04-07 21:51:44,140] src.data_processing - INFO - Columns dropped Sucesfully : Shape = (103904, 23)
[2026-04-07 21:51:44,142] src.data_processing - INFO - Handling outliers : Columns = ['Flight Distance', 'Departure Delay in Minutes', 'Arrival Delay in Minutes', 'Checkin service']
[2026-04-07 21:51:44,155] src.data_processing - INFO - Outliers handled  Sucesffuully : (103904, 23)
[2026-04-07 21:51:44,155] src.data_processing - INFO - Handling null values
[2026-04-07 21:51:44,157] src.data_processing - INFO - Missing values handled sucessfully : Shape == (103904, 23)
[2026-04-07 21:51:44,870] src.data_processing - INFO - Processed data saved sucesfully
[2026-04-07 21:51:44,870] src.data_processing - INFO - Data Proccesing Pipeline Completed Sucessfully
[2026-04-07 21:51:44,872] src.feature_engineering - INFO - Starting your feature enginnering pipeline
[2026-04-07 21:51:44,872] src.feature_engineering - INFO - Loading data
[2026-04-07 21:51:44,987] src.feature_engineering - INFO - Data loaded sucesffuly
[2026-04-07 21:51:44,987] src.feature_engineering - INFO - Starting Feature Construction
[2026-04-07 21:51:44,988] src.feature_engineering - INFO - Feature Construction done sucesfully
[2026-04-07 21:51:44,988] src.feature_engineering - INFO - Starting Binning of Age Column
[2026-04-07 21:51:44,991] src.feature_engineering - INFO - Binning of Age Column Sucesfull
[2026-04-07 21:51:44,991] src.feature_engineering - INFO - Performing label encoding on ['Gender', 'Customer Type', 'Type of Travel', 'Class', 'satisfaction', 'Age Group']
[2026-04-07 21:51:45,048] src.feature_engineering - INFO - Mapping for Gender : {'Female': np.int64(0), 'Male': np.int64(1)}
[2026-04-07 21:51:45,048] src.feature_engineering - INFO - Mapping for Customer Type : {'Loyal Customer': np.int64(0), 'disloyal Customer': np.int64(1)}
[2026-04-07 21:51:45,048] src.feature_engineering - INFO - Mapping for Type of Travel : {'Business travel': np.int64(0), 'Personal Travel': np.int64(1)}
[2026-04-07 21:51:45,048] src.feature_engineering - INFO - Mapping for Class : {'Business': np.int64(0), 'Eco': np.int64(1), 'Eco Plus': np.int64(2)}
[2026-04-07 21:51:45,048] src.feature_engineering - INFO - Mapping for satisfaction : {'neutral or dissatisfied': np.int64(0), 'satisfied': np.int64(1)}
[2026-04-07 21:51:45,048] src.feature_engineering - INFO - Mapping for Age Group : {'Adult': np.int64(0), 'Child': np.int64(1), 'Senior': np.int64(2), 'Youngster': np.int64(3)}
[2026-04-07 21:51:45,048] src.feature_engineering - INFO - Label Encoding sucesffull
[2026-04-07 21:51:45,048] src.feature_engineering - INFO - Starting Feature Selection
[2026-04-07 21:51:45,290] src.feature_engineering - INFO - Mutual Information Table is : 
                              Feature  Mutual Information
11                    Online boarding            0.211404
23                        Delay Ratio            0.189621
6               Inflight wifi service            0.163403
4                               Class            0.134738
3                      Type of Travel            0.115107
13             Inflight entertainment            0.093614
5                     Flight Distance            0.085180
12                       Seat comfort            0.078897
15                   Leg room service            0.060221
14                   On-board service            0.057691
19                        Cleanliness            0.053038
8              Ease of Online booking            0.050788
2                                 Age            0.045754
16                   Baggage handling            0.043412
18                   Inflight service            0.040986
17                    Checkin service            0.032488
10                     Food and drink            0.026824
24                          Age Group            0.021074
1                       Customer Type            0.017606
9                       Gate location            0.012505
21           Arrival Delay in Minutes            0.006167
22                        Total Delay            0.005020
20         Departure Delay in Minutes            0.002824
7   Departure/Arrival time convenient            0.002368
0                              Gender            0.000080
[2026-04-07 21:51:45,293] src.feature_engineering - INFO - Top features : ['Online boarding', 'Delay Ratio', 'Inflight wifi service', 'Class', 'Type of Travel', 'Inflight entertainment', 'Flight Distance', 'Seat comfort', 'Leg room service', 'On-board service', 'Cleanliness', 'Ease of Online booking']
[2026-04-07 21:51:45,294] src.feature_engineering - INFO - Feature Selection Sucesfull
[2026-04-07 21:51:45,295] src.feature_engineering - INFO - Saving your data ...
[2026-04-07 21:51:45,693] src.feature_engineering - INFO - Data Saved succesfully at ./artifact/engineered_data/final_df.csv
[2026-04-07 21:51:45,693] src.feature_engineering - INFO - Your FE pipeline sucesfully done..
[2026-04-07 21:51:45,693] src.feature_engineering - INFO - End of FE pipeline
[2026-04-07 21:51:45,935] src.model_training - INFO - Loading data for model training...
[2026-04-07 21:51:45,991] src.model_training - INFO - Data loaded successfully.
[2026-04-07 21:51:45,991] src.model_training - INFO - Splitting data into train and test sets...
[2026-04-07 21:51:45,998] src.model_training - INFO - Data splitting completed.
[2026-04-07 21:51:45,999] src.model_training - INFO - Hyperparameters loaded: {'learning_rate': [0.01, 0.05, 0.1], 'n_estimators': [100, 200, 300], 'max_depth': [5, 10, 15]}
[2026-04-07 21:51:46,000] src.model_training - INFO - Starting GridSearchCV with LightGBM...
[2026-04-07 21:53:41,951] src.model_training - INFO - Model training completed.
[2026-04-07 21:53:41,953] src.model_training - INFO - Evaluating model...
[2026-04-07 21:53:42,007] src.model_training - INFO - Evaluation metrics: {'accuracy': 0.9437948125691737, 'precision': 0.943825712106087, 'recall': 0.9437948125691737, 'f1_score': 0.9437019144062373, 'confusion_matrix': [[11391, 474], [694, 8222]]}
[2026-04-07 21:53:42,012] src.model_training - INFO - Saving model to ./artifact/models/trained_model.pkl
[2026-04-07 21:53:42,016] src.model_training - INFO - Model saved successfully.
[2026-04-07 21:53:44,793] src.model_training - INFO - Run successful. Tracking URI: file:///Users/Apple/ZAINUL_AI/DS/ML-Project/AIRLINE COSTUMER SETISFECTION PREDICTION/mlruns
